c:\users\micha\onedrive\desktop\school\cs32\project4\tunnelman\tunnelman\debug\vc143.pdb
c:\users\micha\onedrive\desktop\school\cs32\project4\tunnelman\tunnelman\debug\vc143.idb
c:\users\micha\onedrive\desktop\school\cs32\project4\tunnelman\tunnelman\debug\main.obj
c:\users\micha\onedrive\desktop\school\cs32\project4\tunnelman\tunnelman\debug\gameworld.obj
c:\users\micha\onedrive\desktop\school\cs32\project4\tunnelman\tunnelman\debug\gamecontroller.obj
c:\users\micha\onedrive\desktop\school\cs32\project4\tunnelman\tunnelman\debug\studentworld.obj
c:\users\micha\onedrive\desktop\school\cs32\project4\tunnelman\tunnelman\debug\actor.obj
c:\users\micha\onedrive\desktop\school\cs32\project4\tunnelman\debug\tunnelman.exe
c:\users\micha\onedrive\desktop\school\cs32\project4\tunnelman\tunnelman\debug\tunnelman.ilk
c:\users\micha\onedrive\desktop\school\cs32\project4\tunnelman\debug\tunnelman.pdb
c:\users\micha\onedrive\desktop\school\cs32\project4\tunnelman\tunnelman\debug\actor.obj.enc
c:\users\micha\onedrive\desktop\school\cs32\project4\tunnelman\tunnelman\debug\studentworld.obj.enc
c:\users\micha\onedrive\desktop\school\cs32\project4\tunnelman\tunnelman\debug\vc142.idb
c:\users\micha\onedrive\desktop\school\cs32\project4\tunnelman\tunnelman\debug\vc142.pdb
c:\users\micha\onedrive\desktop\school\cs32\project4\tunnelman\debug\tunnelman.ilk
c:\users\micha\onedrive\desktop\school\cs32\project4\tunnelman\tunnelman\debug\tunnelman.tlog\cl.command.1.tlog
c:\users\micha\onedrive\desktop\school\cs32\project4\tunnelman\tunnelman\debug\tunnelman.tlog\cl.items.tlog
c:\users\micha\onedrive\desktop\school\cs32\project4\tunnelman\tunnelman\debug\tunnelman.tlog\cl.read.1.tlog
c:\users\micha\onedrive\desktop\school\cs32\project4\tunnelman\tunnelman\debug\tunnelman.tlog\cl.write.1.tlog
c:\users\micha\onedrive\desktop\school\cs32\project4\tunnelman\tunnelman\debug\tunnelman.tlog\link.command.1.tlog
c:\users\micha\onedrive\desktop\school\cs32\project4\tunnelman\tunnelman\debug\tunnelman.tlog\link.read.1.tlog
c:\users\micha\onedrive\desktop\school\cs32\project4\tunnelman\tunnelman\debug\tunnelman.tlog\link.write.1.tlog
